
> market-radar@0.1.0 build
> next build

▲ Next.js 16.1.6 (Turbopack)
- Environments: .env.local

  Creating an optimized production build ...
✓ Compiled successfully in 6.1s
  Running TypeScript ...
  Collecting page data using 7 workers ...
  Generating static pages using 7 workers (0/15) ...
  Generating static pages using 7 workers (3/15) 
  Generating static pages using 7 workers (7/15) 
  Generating static pages using 7 workers (11/15) 
✓ Generating static pages using 7 workers (15/15) in 494.7ms
  Finalizing page optimization ...

Route (app)
┌ ○ /
├ ○ /_not-found
├ ○ /analytics
├ ƒ /api/collect
├ ƒ /api/data
├ ƒ /api/health
├ ƒ /api/payment/stripe
├ ƒ /categories/[category]
├ ○ /companies
├ ○ /methodology
├ ○ /opportunities
├ ƒ /opportunities/[id]
├ ○ /pricing
├ ○ /revenue
└ ○ /trends


○  (Static)   prerendered as static content
ƒ  (Dynamic)  server-rendered on demand

